# JRE version: OpenJDK Runtime Environment (11.0.15) (build 11.0.15+0-b2043.56-9505619)
# Java VM: OpenJDK 64-Bit Server VM (11.0.15+0-b2043.56-9505619, mixed mode, tiered, compressed oops, g1 gc, windows-amd64)
Heap:
 garbage-first heap   total 379904K, used 184421K [0x0000000080000000, 0x0000000100000000)
  region size 1024K, 49 young (50176K), 9 survivors (9216K)
 Metaspace       used 121659K, capacity 125041K, committed 127024K, reserved 1159168K
  class space    used 15647K, capacity 16955K, committed 17792K, reserved 1048576K
GC Heap History (20 events):
Event: 34.779 GC heap before
{Heap before GC invocations=46 (full 0):
 garbage-first heap   total 379904K, used 316303K [0x0000000080000000, 0x0000000100000000)
  region size 1024K, 52 young (53248K), 4 survivors (4096K)
 Metaspace       used 114718K, capacity 118232K, committed 119856K, reserved 1153024K
  class space    used 15008K, capacity 16374K, committed 17024K, reserved 1048576K
}
Event: 34.791 GC heap after
{Heap after GC invocations=47 (full 0):
 garbage-first heap   total 379904K, used 272498K [0x0000000080000000, 0x0000000100000000)
  region size 1024K, 6 young (6144K), 6 survivors (6144K)
 Metaspace       used 114718K, capacity 118232K, committed 119856K, reserved 1153024K
  class space    used 15008K, capacity 16374K, committed 17024K, reserved 1048576K
}
Event: 34.863 GC heap before
{Heap before GC invocations=47 (full 0):
 garbage-first heap   total 379904K, used 284786K [0x0000000080000000, 0x0000000100000000)
  region size 1024K, 18 young (18432K), 6 survivors (6144K)
 Metaspace       used 114718K, capacity 118232K, committed 119856K, reserved 1153024K
  class space    used 15008K, capacity 16374K, committed 17024K, reserved 1048576K
}
Event: 34.871 GC heap after
{Heap after GC invocations=48 (full 0):
 garbage-first heap   total 379904K, used 269426K [0x0000000080000000, 0x0000000100000000)
  region size 1024K, 1 young (1024K), 1 survivors (1024K)
 Metaspace       used 114718K, capacity 118232K, committed 119856K, reserved 1153024K
  class space    used 15008K, capacity 16374K, committed 17024K, reserved 1048576K
}
Event: 35.738 GC heap before
{Heap before GC invocations=48 (full 0):
 garbage-first heap   total 379904K, used 337010K [0x0000000080000000, 0x0000000100000000)
  region size 1024K, 44 young (45056K), 1 survivors (1024K)
 Metaspace       used 115045K, capacity 118588K, committed 120112K, reserved 1153024K
  class space    used 15037K, capacity 16382K, committed 17024K, reserved 1048576K
}
Event: 35.742 GC heap after
{Heap after GC invocations=49 (full 0):
 garbage-first heap   total 379904K, used 269495K [0x0000000080000000, 0x0000000100000000)
  region size 1024K, 1 young (1024K), 1 survivors (1024K)
 Metaspace       used 115045K, capacity 118588K, committed 120112K, reserved 1153024K
  class space    used 15037K, capacity 16382K, committed 17024K, reserved 1048576K
}
Event: 36.262 GC heap before
{Heap before GC invocations=49 (full 0):
 garbage-first heap   total 379904K, used 315575K [0x0000000080000000, 0x0000000100000000)
  region size 1024K, 47 young (48128K), 1 survivors (1024K)
 Metaspace       used 118382K, capacity 121916K, committed 123312K, reserved 1155072K
  class space    used 15483K, capacity 16830K, committed 17408K, reserved 1048576K
}
Event: 36.265 GC heap after
{Heap after GC invocations=50 (full 0):
 garbage-first heap   total 379904K, used 270135K [0x0000000080000000, 0x0000000100000000)
  region size 1024K, 2 young (2048K), 2 survivors (2048K)
 Metaspace       used 118382K, capacity 121916K, committed 123312K, reserved 1155072K
  class space    used 15483K, capacity 16830K, committed 17408K, reserved 1048576K
}
Event: 36.795 GC heap before
{Heap before GC invocations=50 (full 0):
 garbage-first heap   total 379904K, used 301879K [0x0000000080000000, 0x0000000100000000)
  region size 1024K, 23 young (23552K), 2 survivors (2048K)
 Metaspace       used 119756K, capacity 123338K, committed 124464K, reserved 1157120K
  class space    used 15644K, capacity 17019K, committed 17536K, reserved 1048576K
}
Event: 36.801 GC heap after
{Heap after GC invocations=51 (full 0):
 garbage-first heap   total 379904K, used 285017K [0x0000000080000000, 0x0000000100000000)
  region size 1024K, 5 young (5120K), 5 survivors (5120K)
 Metaspace       used 119756K, capacity 123338K, committed 124464K, reserved 1157120K
  class space    used 15644K, capacity 17019K, committed 17536K, reserved 1048576K
}
Event: 1153.000 GC heap before
{Heap before GC invocations=52 (full 0):
 garbage-first heap   total 379904K, used 302181K [0x0000000080000000, 0x0000000100000000)
  region size 1024K, 41 young (41984K), 5 survivors (5120K)
 Metaspace       used 121041K, capacity 124638K, committed 125616K, reserved 1157120K
  class space    used 15795K, capacity 17169K, committed 17664K, reserved 1048576K
}
Event: 1153.007 GC heap after
{Heap after GC invocations=53 (full 0):
 garbage-first heap   total 379904K, used 227948K [0x0000000080000000, 0x0000000100000000)
  region size 1024K, 3 young (3072K), 3 survivors (3072K)
 Metaspace       used 121041K, capacity 124638K, committed 125616K, reserved 1157120K
  class space    used 15795K, capacity 17169K, committed 17664K, reserved 1048576K
}
Event: 1981.952 GC heap before
{Heap before GC invocations=53 (full 0):
 garbage-first heap   total 379904K, used 243308K [0x0000000080000000, 0x0000000100000000)
  region size 1024K, 18 young (18432K), 3 survivors (3072K)
 Metaspace       used 121149K, capacity 124846K, committed 125872K, reserved 1157120K
  class space    used 15798K, capacity 17174K, committed 17664K, reserved 1048576K
}
Event: 1981.963 GC heap after
{Heap after GC invocations=54 (full 0):
 garbage-first heap   total 379904K, used 191711K [0x0000000080000000, 0x0000000100000000)
  region size 1024K, 1 young (1024K), 1 survivors (1024K)
 Metaspace       used 121149K, capacity 124846K, committed 125872K, reserved 1157120K
  class space    used 15798K, capacity 17174K, committed 17664K, reserved 1048576K
}
Event: 2951.947 GC heap before
{Heap before GC invocations=54 (full 0):
 garbage-first heap   total 379904K, used 208095K [0x0000000080000000, 0x0000000100000000)
  region size 1024K, 18 young (18432K), 1 survivors (1024K)
 Metaspace       used 121173K, capacity 124848K, committed 125872K, reserved 1157120K
  class space    used 15798K, capacity 17174K, committed 17664K, reserved 1048576K
}
Event: 2951.965 GC heap after
{Heap after GC invocations=55 (full 0):
 garbage-first heap   total 379904K, used 163288K [0x0000000080000000, 0x0000000100000000)
  region size 1024K, 1 young (1024K), 1 survivors (1024K)
 Metaspace       used 121173K, capacity 124848K, committed 125872K, reserved 1157120K
  class space    used 15798K, capacity 17174K, committed 17664K, reserved 1048576K
}
Event: 3921.943 GC heap before
{Heap before GC invocations=55 (full 0):
 garbage-first heap   total 379904K, used 180696K [0x0000000080000000, 0x0000000100000000)
  region size 1024K, 18 young (18432K), 1 survivors (1024K)
 Metaspace       used 121189K, capacity 124848K, committed 125872K, reserved 1157120K
  class space    used 15798K, capacity 17174K, committed 17664K, reserved 1048576K
}
Event: 3921.960 GC heap after
{Heap after GC invocations=56 (full 0):
 garbage-first heap   total 379904K, used 157013K [0x0000000080000000, 0x0000000100000000)
  region size 1024K, 1 young (1024K), 1 survivors (1024K)
 Metaspace       used 121189K, capacity 124848K, committed 125872K, reserved 1157120K
  class space    used 15798K, capacity 17174K, committed 17664K, reserved 1048576K
}
Event: 4120.319 GC heap before
{Heap before GC invocations=56 (full 0):
 garbage-first heap   total 379904K, used 242005K [0x0000000080000000, 0x0000000100000000)
  region size 1024K, 86 young (88064K), 1 survivors (1024K)
 Metaspace       used 122119K, capacity 125869K, committed 126640K, reserved 1159168K
  class space    used 15820K, capacity 17243K, committed 17664K, reserved 1048576K
}
Event: 4120.341 GC heap after
{Heap after GC invocations=57 (full 0):
 garbage-first heap   total 379904K, used 164965K [0x0000000080000000, 0x0000000100000000)
  region size 1024K, 9 young (9216K), 9 survivors (9216K)
 Metaspace       used 122119K, capacity 125869K, committed 126640K, reserved 1159168K
  class space    used 15820K, capacity 17243K, committed 17664K, reserved 1048576K
}

